<?xml version="1.0" encoding="UTF-8"?>
<!-- Generated by org.testng.reporters.JUnitXMLReporter -->
<testsuite ignored="0" hostname="LAPTOP-L36TRD7L" failures="0" tests="6" name="Default test" time="60.371" errors="0" timestamp="2022-06-28T13:30:50 IST">
  <testcase classname="utilities.BaseClass1" name="login_ActiTime" time="0.595"/>
  <testcase classname="entertimrtrack.CreateCustomer" name="createTasks" time="20.805"/>
  <testcase classname="entertimrtrack.CreateCustomer" name="createTasks" time="10.104"/>
  <testcase classname="entertimrtrack.CreateCustomer" name="createTasks" time="9.947"/>
  <testcase classname="entertimrtrack.CreateCustomer" name="createTasks" time="9.566"/>
  <testcase classname="entertimrtrack.CreateCustomer" name="createTasks" time="9.119"/>
</testsuite> <!-- Default test -->
