<?xml version="1.0" encoding="UTF-8"?>
<testng-results ignored="0" total="6" passed="6" failed="0" skipped="0">
  <reporter-output>
  </reporter-output>
  <suite started-at="2022-06-28T13:29:50 IST" name="Default suite" finished-at="2022-06-28T13:30:50 IST" duration-ms="60371">
    <groups>
      <group name="Regression">
        <method signature="BaseClass1.login_ActiTime()[pri:1, instance:entertimrtrack.CreateCustomer@2beee7ff]" name="login_ActiTime" class="utilities.BaseClass1"/>
        <method signature="CreateCustomer.createTasks(java.lang.String)[pri:2, instance:entertimrtrack.CreateCustomer@2beee7ff]" name="createTasks" class="entertimrtrack.CreateCustomer"/>
      </group> <!-- Regression -->
      <group name="Smoke">
        <method signature="CreateCustomer.createTasks(java.lang.String)[pri:2, instance:entertimrtrack.CreateCustomer@2beee7ff]" name="createTasks" class="entertimrtrack.CreateCustomer"/>
      </group> <!-- Smoke -->
    </groups>
    <test started-at="2022-06-28T13:29:50 IST" name="Default test" finished-at="2022-06-28T13:30:50 IST" duration-ms="60371">
      <class name="entertimrtrack.CreateCustomer">
        <test-method is-config="true" signature="initialSetUp()[pri:0, instance:entertimrtrack.CreateCustomer@2beee7ff]" started-at="2022-06-28T13:29:40 IST" name="initialSetUp" finished-at="2022-06-28T13:29:50 IST" duration-ms="9830" status="PASS">
          <reporter-output>
          </reporter-output>
        </test-method> <!-- initialSetUp -->
        <test-method is-config="true" signature="setUp()[pri:0, instance:entertimrtrack.CreateCustomer@2beee7ff]" started-at="2022-06-28T13:29:50 IST" name="setUp" finished-at="2022-06-28T13:29:50 IST" duration-ms="121" status="PASS">
          <reporter-output>
          </reporter-output>
        </test-method> <!-- setUp -->
        <test-method signature="login_ActiTime()[pri:1, instance:entertimrtrack.CreateCustomer@2beee7ff]" started-at="2022-06-28T13:29:50 IST" name="login_ActiTime" finished-at="2022-06-28T13:29:51 IST" duration-ms="595" status="PASS">
          <reporter-output>
          </reporter-output>
        </test-method> <!-- login_ActiTime -->
        <test-method signature="createTasks(java.lang.String)[pri:2, instance:entertimrtrack.CreateCustomer@2beee7ff]" started-at="2022-06-28T13:29:51 IST" name="createTasks" data-provider="TaskCreation" finished-at="2022-06-28T13:30:11 IST" duration-ms="20805" status="PASS">
          <params>
            <param index="0">
              <value>
                <![CDATA[Usha]]>
              </value>
            </param>
          </params>
          <reporter-output>
          </reporter-output>
        </test-method> <!-- createTasks -->
        <test-method signature="createTasks(java.lang.String)[pri:2, instance:entertimrtrack.CreateCustomer@2beee7ff]" started-at="2022-06-28T13:30:11 IST" name="createTasks" data-provider="TaskCreation" finished-at="2022-06-28T13:30:22 IST" duration-ms="10104" status="PASS">
          <params>
            <param index="0">
              <value>
                <![CDATA[rani]]>
              </value>
            </param>
          </params>
          <reporter-output>
          </reporter-output>
        </test-method> <!-- createTasks -->
        <test-method signature="createTasks(java.lang.String)[pri:2, instance:entertimrtrack.CreateCustomer@2beee7ff]" started-at="2022-06-28T13:30:22 IST" name="createTasks" data-provider="TaskCreation" finished-at="2022-06-28T13:30:32 IST" duration-ms="9947" status="PASS">
          <params>
            <param index="0">
              <value>
                <![CDATA[bhoomula]]>
              </value>
            </param>
          </params>
          <reporter-output>
          </reporter-output>
        </test-method> <!-- createTasks -->
        <test-method signature="createTasks(java.lang.String)[pri:2, instance:entertimrtrack.CreateCustomer@2beee7ff]" started-at="2022-06-28T13:30:32 IST" name="createTasks" data-provider="TaskCreation" finished-at="2022-06-28T13:30:41 IST" duration-ms="9566" status="PASS">
          <params>
            <param index="0">
              <value>
                <![CDATA[pr]]>
              </value>
            </param>
          </params>
          <reporter-output>
          </reporter-output>
        </test-method> <!-- createTasks -->
        <test-method signature="createTasks(java.lang.String)[pri:2, instance:entertimrtrack.CreateCustomer@2beee7ff]" started-at="2022-06-28T13:30:41 IST" name="createTasks" data-provider="TaskCreation" finished-at="2022-06-28T13:30:50 IST" duration-ms="9119" status="PASS">
          <params>
            <param index="0">
              <value>
                <![CDATA[pu]]>
              </value>
            </param>
          </params>
          <reporter-output>
          </reporter-output>
        </test-method> <!-- createTasks -->
        <test-method is-config="true" signature="closeConnection()[pri:0, instance:entertimrtrack.CreateCustomer@2beee7ff]" started-at="2022-06-28T13:30:50 IST" name="closeConnection" finished-at="2022-06-28T13:30:57 IST" duration-ms="6995" status="FAIL">
          <exception class="java.lang.NullPointerException">
            <message>
              <![CDATA[Cannot invoke "com.aventstack.extentreports.ExtentReports.flush()" because "utilities.BaseClass1.extent" is null]]>
            </message>
            <full-stacktrace>
              <![CDATA[java.lang.NullPointerException: Cannot invoke "com.aventstack.extentreports.ExtentReports.flush()" because "utilities.BaseClass1.extent" is null
at utilities.BaseClass1.closeConnection(BaseClass1.java:136)
at java.base/jdk.internal.reflect.DirectMethodHandleAccessor.invoke(DirectMethodHandleAccessor.java:104)
at java.base/java.lang.reflect.Method.invoke(Method.java:577)
at org.testng.internal.MethodInvocationHelper.invokeMethod(MethodInvocationHelper.java:134)
at org.testng.internal.MethodInvocationHelper.invokeMethodConsideringTimeout(MethodInvocationHelper.java:63)
at org.testng.internal.ConfigInvoker.invokeConfigurationMethod(ConfigInvoker.java:348)
at org.testng.internal.ConfigInvoker.invokeConfigurations(ConfigInvoker.java:302)
at org.testng.SuiteRunner.privateRun(SuiteRunner.java:351)
at org.testng.SuiteRunner.run(SuiteRunner.java:286)
at org.testng.SuiteRunnerWorker.runSuite(SuiteRunnerWorker.java:53)
at org.testng.SuiteRunnerWorker.run(SuiteRunnerWorker.java:96)
at org.testng.TestNG.runSuitesSequentially(TestNG.java:1187)
at org.testng.TestNG.runSuitesLocally(TestNG.java:1109)
at org.testng.TestNG.runSuites(TestNG.java:1039)
at org.testng.TestNG.run(TestNG.java:1007)
at org.testng.remote.AbstractRemoteTestNG.run(AbstractRemoteTestNG.java:115)
at org.testng.remote.RemoteTestNG.initAndRun(RemoteTestNG.java:251)
at org.testng.remote.RemoteTestNG.main(RemoteTestNG.java:77)
]]>
            </full-stacktrace>
          </exception> <!-- java.lang.NullPointerException -->
          <reporter-output>
          </reporter-output>
        </test-method> <!-- closeConnection -->
      </class> <!-- entertimrtrack.CreateCustomer -->
    </test> <!-- Default test -->
  </suite> <!-- Default suite -->
</testng-results>
